<?xml version="1.0" encoding="UTF-8"?>
<!-- Generated by org.testng.reporters.JUnitReportReporter -->
<testsuite hostname="comp-53-PC" name="com.agorafy.automation.testcases.ProfileOverviewTest" tests="1" failures="0" timestamp="19 Sep 2014 15:36:25 GMT" time="59.311" errors="0">
  <testcase name="Test" time="59.311" classname="com.agorafy.automation.testcases.ProfileOverviewTest"/>
</testsuite> <!-- com.agorafy.automation.testcases.ProfileOverviewTest -->
