<?xml version="1.0" encoding="UTF-8"?>
<!-- Generated by org.testng.reporters.JUnitReportReporter -->
<testsuite hostname="comp-53-PC" name="com.agorafy.automation.testcases.AgorafyLoginTest" tests="1" failures="0" timestamp="19 Sep 2014 15:15:31 GMT" time="19.959" errors="0">
  <testcase name="Main" time="19.959" classname="com.agorafy.automation.testcases.AgorafyLoginTest"/>
</testsuite> <!-- com.agorafy.automation.testcases.AgorafyLoginTest -->
